<?xml version="1.0" encoding="UTF-8"?>
<testsuite name="jbot.slack.bot.LunchBotTest" time="0.758" tests="8" errors="0" skipped="0" failures="0">
  <properties>
[...]
</properties>
  <testcase name="when_ConversationPattern_Should_StartConversation" classname="jbot.slack.bot.LunchBotTest" time="0.546"/>
  <testcase name="when_DirectMessageWithPattern_Should_InvokeOnDirectMessage" classname="jbot.slack.bot.LunchBotTest" time="0.025"/>
  <testcase name="when_DirectMessage_Should_InvokeOnDirectMessage" classname="jbot.slack.bot.LunchBotTest" time="0.01"/>
  <testcase name="when_DirectMessage_Should_InvokeOnPinAdded" classname="jbot.slack.bot.LunchBotTest" time="0.016"/>
  <testcase name="when_DirectMention_Should_InvokeOnDirectMention" classname="jbot.slack.bot.LunchBotTest" time="0.009"/>
  <testcase name="given_InConversation_when_AnswerNo_Should_StopConversation" classname="jbot.slack.bot.LunchBotTest" time="0.048"/>
  <testcase name="when_DirectMessage_Should_InvokeOnFileShared" classname="jbot.slack.bot.LunchBotTest" time="0.074"/>
  <testcase name="when_MessageWithPattern_Should_InvokeOnReceiveMessageWithPattern" classname="jbot.slack.bot.LunchBotTest" time="0.03"/>
</testsuite>